2019-08-04 22:11:20,735 ERROR Kdata.py:603 - No data in s_db
2019-08-04 22:11:20,756 INFO Loader.py:70 - Register handler defined in <module 'Script.Handler.H_Policy_HL_FallRapid' from 'e:\\aliyun_svn\\dogen\\Script\\Handler\\H_Policy_HL_FallRapid.py'>
2019-08-04 22:11:20,789 INFO Loader.py:70 - Register handler defined in <module 'Script.Handler.H_Policy_HL_RiseTrend' from 'e:\\aliyun_svn\\dogen\\Script\\Handler\\H_Policy_HL_RiseTrend.py'>
2019-08-04 22:11:20,811 INFO Loader.py:70 - Register handler defined in <module 'Script.Handler.H_Policy_ImmotalGuide' from 'e:\\aliyun_svn\\dogen\\Script\\Handler\\H_Policy_ImmotalGuide.py'>
2019-08-04 22:11:20,842 INFO Loader.py:70 - Register handler defined in <module 'Script.Handler.H_Policy_Mandarin' from 'e:\\aliyun_svn\\dogen\\Script\\Handler\\H_Policy_Mandarin.py'>
2019-08-04 22:11:20,874 INFO Loader.py:70 - Register handler defined in <module 'Script.Handler.H_Policy_NewStock' from 'e:\\aliyun_svn\\dogen\\Script\\Handler\\H_Policy_NewStock.py'>
2019-08-04 22:11:20,906 INFO Loader.py:70 - Register handler defined in <module 'Script.Handler.H_Policy_Rebound' from 'e:\\aliyun_svn\\dogen\\Script\\Handler\\H_Policy_Rebound.py'>
2019-08-04 22:11:20,935 INFO Loader.py:70 - Register handler defined in <module 'Script.Handler.H_Policy_SerialRise' from 'e:\\aliyun_svn\\dogen\\Script\\Handler\\H_Policy_SerialRise.py'>
2019-08-04 22:11:20,962 INFO Loader.py:70 - Register handler defined in <module 'Script.Handler.H_UpdateKdata' from 'e:\\aliyun_svn\\dogen\\Script\\Handler\\H_UpdateKdata.py'>
2019-08-04 22:11:21,163 INFO base.py:436 - Adding job tentatively -- it will be properly scheduled when the scheduler starts
2019-08-04 22:11:21,163 INFO Loader.py:94 - Register task defined in <module 'Script.Task.T_Policy_HL_FallRapid' from 'e:\\aliyun_svn\\dogen\\Script\\Task\\T_Policy_HL_FallRapid.py'>
2019-08-04 22:11:21,191 INFO base.py:436 - Adding job tentatively -- it will be properly scheduled when the scheduler starts
2019-08-04 22:11:21,191 INFO Loader.py:94 - Register task defined in <module 'Script.Task.T_Policy_HL_RiseTrend' from 'e:\\aliyun_svn\\dogen\\Script\\Task\\T_Policy_HL_RiseTrend.py'>
2019-08-04 22:11:21,208 INFO base.py:436 - Adding job tentatively -- it will be properly scheduled when the scheduler starts
2019-08-04 22:11:21,208 INFO Loader.py:94 - Register task defined in <module 'Script.Task.T_Policy_ImmotalGuide' from 'e:\\aliyun_svn\\dogen\\Script\\Task\\T_Policy_ImmotalGuide.py'>
2019-08-04 22:11:21,219 INFO base.py:436 - Adding job tentatively -- it will be properly scheduled when the scheduler starts
2019-08-04 22:11:21,219 INFO Loader.py:94 - Register task defined in <module 'Script.Task.T_Policy_Mandarin' from 'e:\\aliyun_svn\\dogen\\Script\\Task\\T_Policy_Mandarin.py'>
2019-08-04 22:11:21,249 INFO base.py:436 - Adding job tentatively -- it will be properly scheduled when the scheduler starts
2019-08-04 22:11:21,250 INFO Loader.py:94 - Register task defined in <module 'Script.Task.T_Policy_NewStock' from 'e:\\aliyun_svn\\dogen\\Script\\Task\\T_Policy_NewStock.py'>
2019-08-04 22:11:21,260 INFO base.py:436 - Adding job tentatively -- it will be properly scheduled when the scheduler starts
2019-08-04 22:11:21,260 INFO Loader.py:94 - Register task defined in <module 'Script.Task.T_Policy_Rebound' from 'e:\\aliyun_svn\\dogen\\Script\\Task\\T_Policy_Rebound.py'>
2019-08-04 22:11:21,270 INFO base.py:436 - Adding job tentatively -- it will be properly scheduled when the scheduler starts
2019-08-04 22:11:21,271 INFO Loader.py:94 - Register task defined in <module 'Script.Task.T_Policy_SerialRise' from 'e:\\aliyun_svn\\dogen\\Script\\Task\\T_Policy_SerialRise.py'>
2019-08-04 22:11:21,308 INFO base.py:436 - Adding job tentatively -- it will be properly scheduled when the scheduler starts
2019-08-04 22:11:21,311 INFO base.py:436 - Adding job tentatively -- it will be properly scheduled when the scheduler starts
2019-08-04 22:11:21,311 INFO Loader.py:94 - Register task defined in <module 'Script.Task.T_UpdateKdata' from 'e:\\aliyun_svn\\dogen\\Script\\Task\\T_UpdateKdata.py'>
2019-08-04 22:11:21,314 INFO base.py:878 - Added job "push_event" to job store "default"
2019-08-04 22:11:21,316 INFO base.py:878 - Added job "push_event" to job store "default"
2019-08-04 22:11:21,316 INFO base.py:878 - Added job "push_event" to job store "default"
2019-08-04 22:11:21,317 INFO base.py:878 - Added job "push_event" to job store "default"
2019-08-04 22:11:21,318 INFO base.py:878 - Added job "push_event" to job store "default"
2019-08-04 22:11:21,319 INFO base.py:878 - Added job "push_event" to job store "default"
2019-08-04 22:11:21,320 INFO base.py:878 - Added job "push_event" to job store "default"
2019-08-04 22:11:21,320 INFO base.py:878 - Added job "send_full_event_update_kdata" to job store "default"
2019-08-04 22:11:21,321 INFO base.py:878 - Added job "send_incr_event_update_kdata" to job store "default"
2019-08-04 22:11:21,321 INFO base.py:162 - Scheduler started
2019-08-04 22:11:21,322 DEBUG base.py:937 - Looking for jobs to run
2019-08-04 22:11:21,323 DEBUG base.py:1017 - Next wakeup is due at 2019-08-05 02:30:00+08:00 (in 15518.677498 seconds)
2019-08-05 02:30:00,015 DEBUG base.py:937 - Looking for jobs to run
2019-08-05 02:30:00,015 INFO base.py:123 - Running job "send_full_event_update_kdata (trigger: date[2019-08-05 02:30:00 CST], next run at: 2019-08-05 02:30:00 CST)" (scheduled at 2019-08-05 02:30:00+08:00)
2019-08-05 02:30:00,015 INFO base.py:624 - Removed job 34489e8c2f524fd580d5812807b2fe15
2019-08-05 02:30:00,015 INFO base.py:144 - Job "send_full_event_update_kdata (trigger: date[2019-08-05 02:30:00 CST], next run at: 2019-08-05 02:30:00 CST)" executed successfully
2019-08-05 02:30:00,015 DEBUG base.py:1017 - Next wakeup is due at 2019-08-05 05:00:00+08:00 (in 8999.984379 seconds)
2019-08-05 02:30:00,109 ERROR H_UpdateKdata.py:28 - Kdata.download_basics() return none
2019-08-05 05:00:00,023 DEBUG base.py:937 - Looking for jobs to run
2019-08-05 05:00:00,023 INFO base.py:123 - Running job "push_event (trigger: cron[day_of_week='0-5', hour='5', minute='0', second='0'], next run at: 2019-08-05 05:00:00 CST)" (scheduled at 2019-08-05 05:00:00+08:00)
2019-08-05 05:00:00,023 INFO base.py:144 - Job "push_event (trigger: cron[day_of_week='0-5', hour='5', minute='0', second='0'], next run at: 2019-08-05 05:00:00 CST)" executed successfully
2019-08-05 05:00:00,023 INFO base.py:123 - Running job "push_event (trigger: cron[day_of_week='0-5', hour='5', minute='0', second='0'], next run at: 2019-08-05 05:00:00 CST)" (scheduled at 2019-08-05 05:00:00+08:00)
2019-08-05 05:00:00,023 ERROR H_Policy_NewStock.py:53 - stocks.read_basics() return none
2019-08-05 05:00:00,023 INFO base.py:144 - Job "push_event (trigger: cron[day_of_week='0-5', hour='5', minute='0', second='0'], next run at: 2019-08-06 05:00:00 CST)" executed successfully
2019-08-05 05:00:00,023 ERROR H_Policy_HL_RiseTrend.py:162 - stocks.read_basics() return none
2019-08-05 05:00:00,023 INFO base.py:123 - Running job "push_event (trigger: cron[day_of_week='0-5', hour='5', minute='0', second='0'], next run at: 2019-08-06 05:00:00 CST)" (scheduled at 2019-08-05 05:00:00+08:00)
2019-08-05 05:00:00,039 INFO base.py:123 - Running job "push_event (trigger: cron[day_of_week='0-5', hour='5', minute='0', second='0'], next run at: 2019-08-05 05:00:00 CST)" (scheduled at 2019-08-05 05:00:00+08:00)
2019-08-05 05:00:00,039 INFO base.py:144 - Job "push_event (trigger: cron[day_of_week='0-5', hour='5', minute='0', second='0'], next run at: 2019-08-06 05:00:00 CST)" executed successfully
2019-08-05 05:00:00,039 INFO base.py:144 - Job "push_event (trigger: cron[day_of_week='0-5', hour='5', minute='0', second='0'], next run at: 2019-08-06 05:00:00 CST)" executed successfully
2019-08-05 05:00:00,039 ERROR H_Policy_ImmotalGuide.py:105 - stocks.read_basics() return none
2019-08-05 05:00:00,039 ERROR H_Policy_SerialRise.py:222 - stocks.read_basics() return none
2019-08-05 05:00:00,039 INFO base.py:123 - Running job "push_event (trigger: cron[day_of_week='0-5', hour='5', minute='0', second='0'], next run at: 2019-08-06 05:00:00 CST)" (scheduled at 2019-08-05 05:00:00+08:00)
2019-08-05 05:00:00,039 INFO base.py:123 - Running job "push_event (trigger: cron[day_of_week='0-5', hour='5', minute='0', second='0'], next run at: 2019-08-06 05:00:00 CST)" (scheduled at 2019-08-05 05:00:00+08:00)
2019-08-05 05:00:00,039 INFO base.py:144 - Job "push_event (trigger: cron[day_of_week='0-5', hour='5', minute='0', second='0'], next run at: 2019-08-06 05:00:00 CST)" executed successfully
2019-08-05 05:00:00,039 INFO base.py:123 - Running job "push_event (trigger: cron[day_of_week='0-5', hour='5', minute='0', second='0'], next run at: 2019-08-06 05:00:00 CST)" (scheduled at 2019-08-05 05:00:00+08:00)
2019-08-05 05:00:00,054 DEBUG base.py:1017 - Next wakeup is due at 2019-08-06 00:50:00+08:00 (in 71399.976429 seconds)
2019-08-05 05:00:00,054 INFO base.py:144 - Job "push_event (trigger: cron[day_of_week='0-5', hour='5', minute='0', second='0'], next run at: 2019-08-06 05:00:00 CST)" executed successfully
2019-08-05 05:00:00,054 ERROR H_Policy_Mandarin.py:118 - stocks.read_basics() return none
2019-08-05 05:00:00,054 ERROR H_Policy_HL_FallRapid.py:112 - stocks.read_basics() return none
2019-08-05 05:00:00,054 INFO base.py:144 - Job "push_event (trigger: cron[day_of_week='0-5', hour='5', minute='0', second='0'], next run at: 2019-08-06 05:00:00 CST)" executed successfully
2019-08-05 05:00:00,054 ERROR H_Policy_Rebound.py:112 - stocks.read_basics() return none
2019-08-05 21:59:12,468 INFO Loader.py:124 - Exitting...
2019-08-05 21:59:13,033 INFO base.py:194 - Scheduler has been shut down
2019-08-05 21:59:13,033 DEBUG base.py:937 - Looking for jobs to run
2019-08-05 21:59:13,034 DEBUG base.py:1013 - No jobs; waiting until a job is added
2019-08-05 22:03:04,631 ERROR Kdata.py:603 - No data in s_db
2019-08-05 22:03:04,694 INFO Loader.py:70 - Register handler defined in <module 'Script.Handler.H_Policy_HL_FallRapid' from 'e:\\aliyun_svn\\dogen\\Script\\Handler\\H_Policy_HL_FallRapid.py'>
2019-08-05 22:03:05,271 INFO Loader.py:70 - Register handler defined in <module 'Script.Handler.H_Policy_HL_RiseTrend' from 'e:\\aliyun_svn\\dogen\\Script\\Handler\\H_Policy_HL_RiseTrend.py'>
2019-08-05 22:03:05,287 INFO Loader.py:70 - Register handler defined in <module 'Script.Handler.H_Policy_ImmotalGuide' from 'e:\\aliyun_svn\\dogen\\Script\\Handler\\H_Policy_ImmotalGuide.py'>
2019-08-05 22:03:05,318 INFO Loader.py:70 - Register handler defined in <module 'Script.Handler.H_Policy_Mandarin' from 'e:\\aliyun_svn\\dogen\\Script\\Handler\\H_Policy_Mandarin.py'>
2019-08-05 22:03:05,365 INFO Loader.py:70 - Register handler defined in <module 'Script.Handler.H_Policy_NewStock' from 'e:\\aliyun_svn\\dogen\\Script\\Handler\\H_Policy_NewStock.py'>
2019-08-05 22:03:05,396 INFO Loader.py:70 - Register handler defined in <module 'Script.Handler.H_Policy_Rebound' from 'e:\\aliyun_svn\\dogen\\Script\\Handler\\H_Policy_Rebound.py'>
2019-08-05 22:03:05,411 INFO Loader.py:70 - Register handler defined in <module 'Script.Handler.H_Policy_SerialRise' from 'e:\\aliyun_svn\\dogen\\Script\\Handler\\H_Policy_SerialRise.py'>
2019-08-05 22:03:05,458 INFO Loader.py:70 - Register handler defined in <module 'Script.Handler.H_UpdateKdata' from 'e:\\aliyun_svn\\dogen\\Script\\Handler\\H_UpdateKdata.py'>
2019-08-05 22:03:05,630 INFO base.py:436 - Adding job tentatively -- it will be properly scheduled when the scheduler starts
2019-08-05 22:03:05,630 INFO Loader.py:94 - Register task defined in <module 'Script.Task.T_Policy_HL_FallRapid' from 'e:\\aliyun_svn\\dogen\\Script\\Task\\T_Policy_HL_FallRapid.py'>
2019-08-05 22:03:05,661 INFO base.py:436 - Adding job tentatively -- it will be properly scheduled when the scheduler starts
2019-08-05 22:03:05,661 INFO Loader.py:94 - Register task defined in <module 'Script.Task.T_Policy_HL_RiseTrend' from 'e:\\aliyun_svn\\dogen\\Script\\Task\\T_Policy_HL_RiseTrend.py'>
2019-08-05 22:03:05,692 INFO base.py:436 - Adding job tentatively -- it will be properly scheduled when the scheduler starts
2019-08-05 22:03:05,692 INFO Loader.py:94 - Register task defined in <module 'Script.Task.T_Policy_ImmotalGuide' from 'e:\\aliyun_svn\\dogen\\Script\\Task\\T_Policy_ImmotalGuide.py'>
2019-08-05 22:03:05,739 INFO base.py:436 - Adding job tentatively -- it will be properly scheduled when the scheduler starts
2019-08-05 22:03:05,739 INFO Loader.py:94 - Register task defined in <module 'Script.Task.T_Policy_Mandarin' from 'e:\\aliyun_svn\\dogen\\Script\\Task\\T_Policy_Mandarin.py'>
2019-08-05 22:03:05,770 INFO base.py:436 - Adding job tentatively -- it will be properly scheduled when the scheduler starts
2019-08-05 22:03:05,770 INFO Loader.py:94 - Register task defined in <module 'Script.Task.T_Policy_NewStock' from 'e:\\aliyun_svn\\dogen\\Script\\Task\\T_Policy_NewStock.py'>
2019-08-05 22:03:05,801 INFO base.py:436 - Adding job tentatively -- it will be properly scheduled when the scheduler starts
2019-08-05 22:03:05,801 INFO Loader.py:94 - Register task defined in <module 'Script.Task.T_Policy_Rebound' from 'e:\\aliyun_svn\\dogen\\Script\\Task\\T_Policy_Rebound.py'>
2019-08-05 22:03:05,833 INFO base.py:436 - Adding job tentatively -- it will be properly scheduled when the scheduler starts
2019-08-05 22:03:05,833 INFO Loader.py:94 - Register task defined in <module 'Script.Task.T_Policy_SerialRise' from 'e:\\aliyun_svn\\dogen\\Script\\Task\\T_Policy_SerialRise.py'>
2019-08-05 22:03:05,879 INFO base.py:436 - Adding job tentatively -- it will be properly scheduled when the scheduler starts
2019-08-05 22:03:05,879 INFO base.py:436 - Adding job tentatively -- it will be properly scheduled when the scheduler starts
2019-08-05 22:03:05,879 INFO Loader.py:94 - Register task defined in <module 'Script.Task.T_UpdateKdata' from 'e:\\aliyun_svn\\dogen\\Script\\Task\\T_UpdateKdata.py'>
2019-08-05 22:03:05,879 INFO base.py:878 - Added job "push_event" to job store "default"
2019-08-05 22:03:05,879 INFO base.py:878 - Added job "push_event" to job store "default"
2019-08-05 22:03:05,879 INFO base.py:878 - Added job "push_event" to job store "default"
2019-08-05 22:03:05,879 INFO base.py:878 - Added job "push_event" to job store "default"
2019-08-05 22:03:05,879 INFO base.py:878 - Added job "push_event" to job store "default"
2019-08-05 22:03:05,879 INFO base.py:878 - Added job "push_event" to job store "default"
2019-08-05 22:03:05,879 INFO base.py:878 - Added job "push_event" to job store "default"
2019-08-05 22:03:05,879 INFO base.py:878 - Added job "send_full_event_update_kdata" to job store "default"
2019-08-05 22:03:05,879 INFO base.py:878 - Added job "send_incr_event_update_kdata" to job store "default"
2019-08-05 22:03:05,879 INFO base.py:162 - Scheduler started
2019-08-05 22:03:05,879 DEBUG base.py:937 - Looking for jobs to run
2019-08-05 22:03:05,879 DEBUG base.py:1017 - Next wakeup is due at 2019-08-06 02:30:00+08:00 (in 16014.120018 seconds)
